<?xml version="1.0" encoding="UTF-8"?>
<testsuite xmlns:xsi="http://www.w3.org/2001/XMLSchema-instance" xsi:noNamespaceSchemaLocation="https://maven.apache.org/surefire/maven-surefire-plugin/xsd/surefire-test-report.xsd" name="Tests.CalculatorTests" time="19.934" tests="3" errors="0" skipped="0" failures="0">
  <properties>
    <property name="sun.desktop" value="windows"/>
    <property name="awt.toolkit" value="sun.awt.windows.WToolkit"/>
    <property name="file.encoding.pkg" value="sun.io"/>
    <property name="java.specification.version" value="1.8"/>
    <property name="sun.cpu.isalist" value="amd64"/>
    <property name="sun.jnu.encoding" value="Cp1251"/>
    <property name="java.class.path" value="C:\com.google\target\test-classes;C:\com.google\target\classes;D:\M2\org\junit\jupiter\junit-jupiter-api\5.6.0\junit-jupiter-api-5.6.0.jar;D:\M2\org\apiguardian\apiguardian-api\1.1.0\apiguardian-api-1.1.0.jar;D:\M2\org\opentest4j\opentest4j\1.2.0\opentest4j-1.2.0.jar;D:\M2\org\junit\platform\junit-platform-commons\1.6.0\junit-platform-commons-1.6.0.jar;D:\M2\org\junit\vintage\junit-vintage-engine\5.6.0\junit-vintage-engine-5.6.0.jar;D:\M2\org\junit\platform\junit-platform-engine\1.6.0\junit-platform-engine-1.6.0.jar;D:\M2\junit\junit\4.13\junit-4.13.jar;D:\M2\org\hamcrest\hamcrest-core\1.3\hamcrest-core-1.3.jar;D:\M2\com\codeborne\selenide\5.6.1\selenide-5.6.1.jar;D:\M2\com\browserup\browserup-proxy-core\2.0.1\browserup-proxy-core-2.0.1.jar;D:\M2\com\browserup\browserup-proxy-mitm\2.0.1\browserup-proxy-mitm-2.0.1.jar;D:\M2\javax\xml\bind\jaxb-api\2.3.1\jaxb-api-2.3.1.jar;D:\M2\javax\activation\javax.activation-api\1.2.0\javax.activation-api-1.2.0.jar;D:\M2\com\fasterxml\jackson\core\jackson-core\2.9.9\jackson-core-2.9.9.jar;D:\M2\com\fasterxml\jackson\core\jackson-databind\2.9.9.1\jackson-databind-2.9.9.1.jar;D:\M2\com\fasterxml\jackson\core\jackson-annotations\2.9.9\jackson-annotations-2.9.9.jar;D:\M2\com\jcraft\jzlib\1.1.3\jzlib-1.1.3.jar;D:\M2\dnsjava\dnsjava\2.1.9\dnsjava-2.1.9.jar;D:\M2\org\bouncycastle\bcpkix-jdk15on\1.62\bcpkix-jdk15on-1.62.jar;D:\M2\org\bouncycastle\bcprov-jdk15on\1.62\bcprov-jdk15on-1.62.jar;D:\M2\org\brotli\dec\0.1.2\dec-0.1.2.jar;D:\M2\org\javassist\javassist\3.25.0-GA\javassist-3.25.0-GA.jar;D:\M2\org\slf4j\jcl-over-slf4j\1.7.28\jcl-over-slf4j-1.7.28.jar;D:\M2\io\netty\netty-all\4.1.44.Final\netty-all-4.1.44.Final.jar;D:\M2\xyz\rogfam\littleproxy\2.0.0-beta-5\littleproxy-2.0.0-beta-5.jar;D:\M2\com\barchart\udt\barchart-udt-bundle\2.3.0\barchart-udt-bundle-2.3.0.jar;D:\M2\org\slf4j\slf4j-api\1.7.30\slf4j-api-1.7.30.jar;D:\M2\io\qameta\allure\allure-junit5\2.13.1\allure-junit5-2.13.1.jar;D:\M2\io\qameta\allure\allure-junit-platform\2.13.1\allure-junit-platform-2.13.1.jar;D:\M2\io\qameta\allure\allure-java-commons\2.13.1\allure-java-commons-2.13.1.jar;D:\M2\io\qameta\allure\allure-model\2.13.1\allure-model-2.13.1.jar;D:\M2\org\apache\tika\tika-core\1.20\tika-core-1.20.jar;D:\M2\org\jooq\joor-java-8\0.9.10\joor-java-8-0.9.10.jar;D:\M2\org\junit\platform\junit-platform-launcher\1.5.2\junit-platform-launcher-1.5.2.jar;D:\M2\org\seleniumhq\selenium\selenium-java\3.141.59\selenium-java-3.141.59.jar;D:\M2\org\seleniumhq\selenium\selenium-api\3.141.59\selenium-api-3.141.59.jar;D:\M2\org\seleniumhq\selenium\selenium-chrome-driver\3.141.59\selenium-chrome-driver-3.141.59.jar;D:\M2\org\seleniumhq\selenium\selenium-edge-driver\3.141.59\selenium-edge-driver-3.141.59.jar;D:\M2\org\seleniumhq\selenium\selenium-firefox-driver\3.141.59\selenium-firefox-driver-3.141.59.jar;D:\M2\org\seleniumhq\selenium\selenium-ie-driver\3.141.59\selenium-ie-driver-3.141.59.jar;D:\M2\org\seleniumhq\selenium\selenium-opera-driver\3.141.59\selenium-opera-driver-3.141.59.jar;D:\M2\org\seleniumhq\selenium\selenium-remote-driver\3.141.59\selenium-remote-driver-3.141.59.jar;D:\M2\org\seleniumhq\selenium\selenium-safari-driver\3.141.59\selenium-safari-driver-3.141.59.jar;D:\M2\org\seleniumhq\selenium\selenium-support\3.141.59\selenium-support-3.141.59.jar;D:\M2\net\bytebuddy\byte-buddy\1.8.15\byte-buddy-1.8.15.jar;D:\M2\org\apache\commons\commons-exec\1.3\commons-exec-1.3.jar;D:\M2\com\google\guava\guava\25.0-jre\guava-25.0-jre.jar;D:\M2\com\google\code\findbugs\jsr305\1.3.9\jsr305-1.3.9.jar;D:\M2\org\checkerframework\checker-compat-qual\2.0.0\checker-compat-qual-2.0.0.jar;D:\M2\com\google\errorprone\error_prone_annotations\2.1.3\error_prone_annotations-2.1.3.jar;D:\M2\com\google\j2objc\j2objc-annotations\1.1\j2objc-annotations-1.1.jar;D:\M2\org\codehaus\mojo\animal-sniffer-annotations\1.14\animal-sniffer-annotations-1.14.jar;D:\M2\com\squareup\okhttp3\okhttp\3.11.0\okhttp-3.11.0.jar;D:\M2\com\squareup\okio\okio\1.14.0\okio-1.14.0.jar;D:\M2\io\github\bonigarcia\webdrivermanager\4.3.1\webdrivermanager-4.3.1.jar;D:\M2\commons-io\commons-io\2.8.0\commons-io-2.8.0.jar;D:\M2\com\google\code\gson\gson\2.8.6\gson-2.8.6.jar;D:\M2\org\apache\commons\commons-lang3\3.11\commons-lang3-3.11.jar;D:\M2\org\apache\httpcomponents\client5\httpclient5\5.0.3\httpclient5-5.0.3.jar;D:\M2\org\apache\httpcomponents\core5\httpcore5\5.0.2\httpcore5-5.0.2.jar;D:\M2\org\apache\httpcomponents\core5\httpcore5-h2\5.0.2\httpcore5-h2-5.0.2.jar;D:\M2\commons-codec\commons-codec\1.13\commons-codec-1.13.jar;D:\M2\org\rauschig\jarchivelib\1.1.0\jarchivelib-1.1.0.jar;D:\M2\org\apache\commons\commons-compress\1.20\commons-compress-1.20.jar;D:\M2\org\jsoup\jsoup\1.13.1\jsoup-1.13.1.jar;"/>
    <property name="java.vm.vendor" value="Oracle Corporation"/>
    <property name="sun.arch.data.model" value="64"/>
    <property name="user.variant" value=""/>
    <property name="java.vendor.url" value="http://java.oracle.com/"/>
    <property name="user.timezone" value="Europe/Samara"/>
    <property name="java.vm.specification.version" value="1.8"/>
    <property name="os.name" value="Windows 10"/>
    <property name="user.country" value="RU"/>
    <property name="sun.java.launcher" value="SUN_STANDARD"/>
    <property name="sun.boot.library.path" value="C:\Program Files\Java\jdk1.8.0_281\jre\bin"/>
    <property name="sun.java.command" value="C:\Users\D395~1\AppData\Local\Temp\surefire5926296807715798716\surefirebooter6037401751150017596.jar C:\Users\Игорь\AppData\Local\Temp\surefire5926296807715798716 2021-03-22T01-02-52_686-jvmRun1 surefire5697803992513473151tmp surefire_03191007121642953026tmp"/>
    <property name="surefire.test.class.path" value="C:\com.google\target\test-classes;C:\com.google\target\classes;D:\M2\org\junit\jupiter\junit-jupiter-api\5.6.0\junit-jupiter-api-5.6.0.jar;D:\M2\org\apiguardian\apiguardian-api\1.1.0\apiguardian-api-1.1.0.jar;D:\M2\org\opentest4j\opentest4j\1.2.0\opentest4j-1.2.0.jar;D:\M2\org\junit\platform\junit-platform-commons\1.6.0\junit-platform-commons-1.6.0.jar;D:\M2\org\junit\vintage\junit-vintage-engine\5.6.0\junit-vintage-engine-5.6.0.jar;D:\M2\org\junit\platform\junit-platform-engine\1.6.0\junit-platform-engine-1.6.0.jar;D:\M2\junit\junit\4.13\junit-4.13.jar;D:\M2\org\hamcrest\hamcrest-core\1.3\hamcrest-core-1.3.jar;D:\M2\com\codeborne\selenide\5.6.1\selenide-5.6.1.jar;D:\M2\com\browserup\browserup-proxy-core\2.0.1\browserup-proxy-core-2.0.1.jar;D:\M2\com\browserup\browserup-proxy-mitm\2.0.1\browserup-proxy-mitm-2.0.1.jar;D:\M2\javax\xml\bind\jaxb-api\2.3.1\jaxb-api-2.3.1.jar;D:\M2\javax\activation\javax.activation-api\1.2.0\javax.activation-api-1.2.0.jar;D:\M2\com\fasterxml\jackson\core\jackson-core\2.9.9\jackson-core-2.9.9.jar;D:\M2\com\fasterxml\jackson\core\jackson-databind\2.9.9.1\jackson-databind-2.9.9.1.jar;D:\M2\com\fasterxml\jackson\core\jackson-annotations\2.9.9\jackson-annotations-2.9.9.jar;D:\M2\com\jcraft\jzlib\1.1.3\jzlib-1.1.3.jar;D:\M2\dnsjava\dnsjava\2.1.9\dnsjava-2.1.9.jar;D:\M2\org\bouncycastle\bcpkix-jdk15on\1.62\bcpkix-jdk15on-1.62.jar;D:\M2\org\bouncycastle\bcprov-jdk15on\1.62\bcprov-jdk15on-1.62.jar;D:\M2\org\brotli\dec\0.1.2\dec-0.1.2.jar;D:\M2\org\javassist\javassist\3.25.0-GA\javassist-3.25.0-GA.jar;D:\M2\org\slf4j\jcl-over-slf4j\1.7.28\jcl-over-slf4j-1.7.28.jar;D:\M2\io\netty\netty-all\4.1.44.Final\netty-all-4.1.44.Final.jar;D:\M2\xyz\rogfam\littleproxy\2.0.0-beta-5\littleproxy-2.0.0-beta-5.jar;D:\M2\com\barchart\udt\barchart-udt-bundle\2.3.0\barchart-udt-bundle-2.3.0.jar;D:\M2\org\slf4j\slf4j-api\1.7.30\slf4j-api-1.7.30.jar;D:\M2\io\qameta\allure\allure-junit5\2.13.1\allure-junit5-2.13.1.jar;D:\M2\io\qameta\allure\allure-junit-platform\2.13.1\allure-junit-platform-2.13.1.jar;D:\M2\io\qameta\allure\allure-java-commons\2.13.1\allure-java-commons-2.13.1.jar;D:\M2\io\qameta\allure\allure-model\2.13.1\allure-model-2.13.1.jar;D:\M2\org\apache\tika\tika-core\1.20\tika-core-1.20.jar;D:\M2\org\jooq\joor-java-8\0.9.10\joor-java-8-0.9.10.jar;D:\M2\org\junit\platform\junit-platform-launcher\1.5.2\junit-platform-launcher-1.5.2.jar;D:\M2\org\seleniumhq\selenium\selenium-java\3.141.59\selenium-java-3.141.59.jar;D:\M2\org\seleniumhq\selenium\selenium-api\3.141.59\selenium-api-3.141.59.jar;D:\M2\org\seleniumhq\selenium\selenium-chrome-driver\3.141.59\selenium-chrome-driver-3.141.59.jar;D:\M2\org\seleniumhq\selenium\selenium-edge-driver\3.141.59\selenium-edge-driver-3.141.59.jar;D:\M2\org\seleniumhq\selenium\selenium-firefox-driver\3.141.59\selenium-firefox-driver-3.141.59.jar;D:\M2\org\seleniumhq\selenium\selenium-ie-driver\3.141.59\selenium-ie-driver-3.141.59.jar;D:\M2\org\seleniumhq\selenium\selenium-opera-driver\3.141.59\selenium-opera-driver-3.141.59.jar;D:\M2\org\seleniumhq\selenium\selenium-remote-driver\3.141.59\selenium-remote-driver-3.141.59.jar;D:\M2\org\seleniumhq\selenium\selenium-safari-driver\3.141.59\selenium-safari-driver-3.141.59.jar;D:\M2\org\seleniumhq\selenium\selenium-support\3.141.59\selenium-support-3.141.59.jar;D:\M2\net\bytebuddy\byte-buddy\1.8.15\byte-buddy-1.8.15.jar;D:\M2\org\apache\commons\commons-exec\1.3\commons-exec-1.3.jar;D:\M2\com\google\guava\guava\25.0-jre\guava-25.0-jre.jar;D:\M2\com\google\code\findbugs\jsr305\1.3.9\jsr305-1.3.9.jar;D:\M2\org\checkerframework\checker-compat-qual\2.0.0\checker-compat-qual-2.0.0.jar;D:\M2\com\google\errorprone\error_prone_annotations\2.1.3\error_prone_annotations-2.1.3.jar;D:\M2\com\google\j2objc\j2objc-annotations\1.1\j2objc-annotations-1.1.jar;D:\M2\org\codehaus\mojo\animal-sniffer-annotations\1.14\animal-sniffer-annotations-1.14.jar;D:\M2\com\squareup\okhttp3\okhttp\3.11.0\okhttp-3.11.0.jar;D:\M2\com\squareup\okio\okio\1.14.0\okio-1.14.0.jar;D:\M2\io\github\bonigarcia\webdrivermanager\4.3.1\webdrivermanager-4.3.1.jar;D:\M2\commons-io\commons-io\2.8.0\commons-io-2.8.0.jar;D:\M2\com\google\code\gson\gson\2.8.6\gson-2.8.6.jar;D:\M2\org\apache\commons\commons-lang3\3.11\commons-lang3-3.11.jar;D:\M2\org\apache\httpcomponents\client5\httpclient5\5.0.3\httpclient5-5.0.3.jar;D:\M2\org\apache\httpcomponents\core5\httpcore5\5.0.2\httpcore5-5.0.2.jar;D:\M2\org\apache\httpcomponents\core5\httpcore5-h2\5.0.2\httpcore5-h2-5.0.2.jar;D:\M2\commons-codec\commons-codec\1.13\commons-codec-1.13.jar;D:\M2\org\rauschig\jarchivelib\1.1.0\jarchivelib-1.1.0.jar;D:\M2\org\apache\commons\commons-compress\1.20\commons-compress-1.20.jar;D:\M2\org\jsoup\jsoup\1.13.1\jsoup-1.13.1.jar;"/>
    <property name="sun.cpu.endian" value="little"/>
    <property name="user.home" value="C:\Users\Игорь"/>
    <property name="user.language" value="ru"/>
    <property name="java.specification.vendor" value="Oracle Corporation"/>
    <property name="java.home" value="C:\Program Files\Java\jdk1.8.0_281\jre"/>
    <property name="basedir" value="C:\com.google"/>
    <property name="file.separator" value="\"/>
    <property name="line.separator" value="&#10;"/>
    <property name="java.vm.specification.vendor" value="Oracle Corporation"/>
    <property name="java.specification.name" value="Java Platform API Specification"/>
    <property name="java.awt.graphicsenv" value="sun.awt.Win32GraphicsEnvironment"/>
    <property name="surefire.real.class.path" value="C:\Users\D395~1\AppData\Local\Temp\surefire5926296807715798716\surefirebooter6037401751150017596.jar;D:\M2/org/aspectj/aspectjweaver/1.8.10/aspectjweaver-1.8.10.jar"/>
    <property name="sun.boot.class.path" value="C:\Program Files\Java\jdk1.8.0_281\jre\lib\resources.jar;C:\Program Files\Java\jdk1.8.0_281\jre\lib\rt.jar;C:\Program Files\Java\jdk1.8.0_281\jre\lib\sunrsasign.jar;C:\Program Files\Java\jdk1.8.0_281\jre\lib\jsse.jar;C:\Program Files\Java\jdk1.8.0_281\jre\lib\jce.jar;C:\Program Files\Java\jdk1.8.0_281\jre\lib\charsets.jar;C:\Program Files\Java\jdk1.8.0_281\jre\lib\jfr.jar;C:\Program Files\Java\jdk1.8.0_281\jre\classes"/>
    <property name="user.script" value=""/>
    <property name="sun.management.compiler" value="HotSpot 64-Bit Tiered Compilers"/>
    <property name="java.runtime.version" value="1.8.0_281-b09"/>
    <property name="user.name" value="Igor"/>
    <property name="path.separator" value=";"/>
    <property name="os.version" value="10.0"/>
    <property name="java.endorsed.dirs" value="C:\Program Files\Java\jdk1.8.0_281\jre\lib\endorsed"/>
    <property name="java.runtime.name" value="Java(TM) SE Runtime Environment"/>
    <property name="file.encoding" value="Cp1251"/>
    <property name="java.vm.name" value="Java HotSpot(TM) 64-Bit Server VM"/>
    <property name="localRepository" value="D:\M2"/>
    <property name="java.vendor.url.bug" value="http://bugreport.sun.com/bugreport/"/>
    <property name="java.io.tmpdir" value="C:\Users\D395~1\AppData\Local\Temp\"/>
    <property name="java.version" value="1.8.0_281"/>
    <property name="user.dir" value="C:\com.google"/>
    <property name="os.arch" value="amd64"/>
    <property name="java.vm.specification.name" value="Java Virtual Machine Specification"/>
    <property name="java.awt.printerjob" value="sun.awt.windows.WPrinterJob"/>
    <property name="sun.os.patch.level" value=""/>
    <property name="java.library.path" value="C:\Program Files\Java\jdk1.8.0_281\jre\bin;C:\WINDOWS\Sun\Java\bin;C:\WINDOWS\system32;C:\WINDOWS;C:\Program Files (x86)\Common Files\Oracle\Java\javapath;C:\Windows;C:\Windows\System32;C:\Python27;C:\Users\Игорь\AppData\Local\Programs\Python\Python38;C:\Python38;C:\WINDOWS\system32;C:\WINDOWS;C:\WINDOWS\System32\Wbem;C:\WINDOWS\System32\WindowsPowerShell\v1.0\;C:\WINDOWS\System32\OpenSSH\;C:\Users\Игорь\AppData\Local\Microsoft\WindowsApps;C:\Users\Игорь\AppData\Local\Programs\Fiddler;C:\Users\Игорь\AppData\Local\GitHubDesktop\bin;C:\adb;C:\Program Files\Common Files\Autodesk Shared\;C:\Program Files\Microsoft SQL Server\120\Tools\Binn\;C:\Python38;C:\Users\Игорь\AppData\Local\Microsoft\WindowsApps;C:\Users\Игорь\AppData\Local\GitHubDesktop\bin;C:\apache-maven-3.6.3\bin;;."/>
    <property name="java.vm.info" value="mixed mode"/>
    <property name="java.vendor" value="Oracle Corporation"/>
    <property name="java.vm.version" value="25.281-b09"/>
    <property name="java.ext.dirs" value="C:\Program Files\Java\jdk1.8.0_281\jre\lib\ext;C:\WINDOWS\Sun\Java\lib\ext"/>
    <property name="sun.io.unicode.encoding" value="UnicodeLittle"/>
    <property name="java.class.version" value="52.0"/>
  </properties>
  <testcase name="checkingDivisionByZero" classname="Tests.CalculatorTests" time="8.92"/>
  <testcase name="checkingOperationsWithIntegers" classname="Tests.CalculatorTests" time="5.463"/>
  <testcase name="checkingErrorReportIfEnteredValueIsNull" classname="Tests.CalculatorTests" time="5.435"/>
</testsuite>